2021-03-18 13:41:02.952 [INFO ] com.edward.XinGuanApplication - Starting XinGuanApplication on watson with PID 2436 (D:\Document\Codding\xinguan\xinguan-parent\xinguan-base-web\target\classes started by watso in D:\Document\Codding\xinguan\xinguan-parent)
2021-03-18 13:41:02.957 [INFO ] com.edward.XinGuanApplication - No active profile set, falling back to default profiles: default
2021-03-18 13:41:04.404 [INFO ] org.springframework.context.support.PostProcessorRegistrationDelegate$BeanPostProcessorChecker - Bean 'org.springframework.security.access.expression.method.DefaultMethodSecurityExpressionHandler@1acb74ad' of type [org.springframework.security.access.expression.method.DefaultMethodSecurityExpressionHandler] is not eligible for getting processed by all BeanPostProcessors (for example: not eligible for auto-proxying)
2021-03-18 13:41:04.410 [INFO ] org.springframework.context.support.PostProcessorRegistrationDelegate$BeanPostProcessorChecker - Bean 'methodSecurityMetadataSource' of type [org.springframework.security.access.method.DelegatingMethodSecurityMetadataSource] is not eligible for getting processed by all BeanPostProcessors (for example: not eligible for auto-proxying)
2021-03-18 13:41:04.710 [INFO ] org.springframework.boot.web.embedded.tomcat.TomcatWebServer - Tomcat initialized with port(s): 8081 (http)
2021-03-18 13:41:04.718 [INFO ] org.apache.coyote.http11.Http11NioProtocol - Initializing ProtocolHandler ["http-nio-8081"]
2021-03-18 13:41:04.718 [INFO ] org.apache.catalina.core.StandardService - Starting service [Tomcat]
2021-03-18 13:41:04.719 [INFO ] org.apache.catalina.core.StandardEngine - Starting Servlet engine: [Apache Tomcat/9.0.41]
2021-03-18 13:41:04.799 [INFO ] org.apache.catalina.core.ContainerBase.[Tomcat].[localhost].[/] - Initializing Spring embedded WebApplicationContext
2021-03-18 13:41:04.799 [INFO ] org.springframework.boot.web.servlet.context.ServletWebServerApplicationContext - Root WebApplicationContext: initialization completed in 1662 ms
2021-03-18 13:41:06.123 [INFO ] org.springframework.boot.autoconfigure.security.servlet.UserDetailsServiceAutoConfiguration - 

Using generated security password: a1653968-8c83-4ea4-807a-6ccb9e166d82

2021-03-18 13:41:06.199 [INFO ] org.springframework.security.web.DefaultSecurityFilterChain - Creating filter chain: any request, [org.springframework.security.web.context.request.async.WebAsyncManagerIntegrationFilter@7ab2ba47, org.springframework.security.web.context.SecurityContextPersistenceFilter@41d20f06, org.springframework.security.web.header.HeaderWriterFilter@273aaab7, org.springframework.security.web.authentication.logout.LogoutFilter@559fd5ec, org.springframework.security.web.savedrequest.RequestCacheAwareFilter@1573e8a5, org.springframework.security.web.servletapi.SecurityContextHolderAwareRequestFilter@78eafad, org.springframework.security.web.authentication.AnonymousAuthenticationFilter@40fe8fd5, org.springframework.security.web.session.SessionManagementFilter@402d6012, org.springframework.security.web.access.ExceptionTranslationFilter@7adae08e]
2021-03-18 13:41:06.225 [INFO ] springfox.documentation.spring.web.PropertySourcedRequestMappingHandlerMapping - Mapped URL path [/v2/api-docs] onto method [springfox.documentation.swagger2.web.Swagger2Controller#getDocumentation(String, HttpServletRequest)]
2021-03-18 13:41:06.317 [INFO ] org.springframework.scheduling.concurrent.ThreadPoolTaskExecutor - Initializing ExecutorService 'applicationTaskExecutor'
2021-03-18 13:41:06.529 [INFO ] org.apache.coyote.http11.Http11NioProtocol - Starting ProtocolHandler ["http-nio-8081"]
2021-03-18 13:41:06.766 [INFO ] org.springframework.boot.web.embedded.tomcat.TomcatWebServer - Tomcat started on port(s): 8081 (http) with context path ''
2021-03-18 13:41:06.767 [INFO ] springfox.documentation.spring.web.plugins.DocumentationPluginsBootstrapper - Context refreshed
2021-03-18 13:41:06.777 [INFO ] springfox.documentation.spring.web.plugins.DocumentationPluginsBootstrapper - Found 1 custom documentation plugin(s)
2021-03-18 13:41:06.801 [INFO ] springfox.documentation.spring.web.scanners.ApiListingReferenceScanner - Scanning for api listing references
2021-03-18 13:41:06.925 [INFO ] com.edward.XinGuanApplication - Started XinGuanApplication in 4.731 seconds (JVM running for 5.64)
2021-03-18 13:41:54.247 [INFO ] org.apache.catalina.core.ContainerBase.[Tomcat].[localhost].[/] - Initializing Spring DispatcherServlet 'dispatcherServlet'
2021-03-18 13:41:54.392 [INFO ] com.zaxxer.hikari.HikariDataSource - HikariPool-1 - Starting...
2021-03-18 13:41:54.945 [INFO ] com.zaxxer.hikari.HikariDataSource - HikariPool-1 - Start completed.
2021-03-18 13:42:38.691 [INFO ] com.edward.handler.MyMetaObjectHandler - start insert fill ....
