2021-03-10 15:41:43.176 [INFO ] com.edward.XinGuanApplication - Starting XinGuanApplication on watson with PID 21472 (D:\Document\Codding\ideaProject\xinguan-parent\xinguan-base-web\target\classes started by watso in D:\Document\Codding\ideaProject\xinguan-parent)
2021-03-10 15:41:43.179 [INFO ] com.edward.XinGuanApplication - No active profile set, falling back to default profiles: default
2021-03-10 15:41:46.363 [INFO ] org.springframework.boot.web.embedded.tomcat.TomcatWebServer - Tomcat initialized with port(s): 8081 (http)
2021-03-10 15:41:46.392 [INFO ] org.apache.coyote.http11.Http11NioProtocol - Initializing ProtocolHandler ["http-nio-8081"]
2021-03-10 15:41:46.393 [INFO ] org.apache.catalina.core.StandardService - Starting service [Tomcat]
2021-03-10 15:41:46.394 [INFO ] org.apache.catalina.core.StandardEngine - Starting Servlet engine: [Apache Tomcat/9.0.41]
2021-03-10 15:41:46.497 [INFO ] org.apache.catalina.core.ContainerBase.[Tomcat].[localhost].[/] - Initializing Spring embedded WebApplicationContext
2021-03-10 15:41:46.497 [INFO ] org.springframework.boot.web.servlet.context.ServletWebServerApplicationContext - Root WebApplicationContext: initialization completed in 2888 ms
2021-03-10 15:41:48.093 [INFO ] springfox.documentation.spring.web.PropertySourcedRequestMappingHandlerMapping - Mapped URL path [/v2/api-docs] onto method [springfox.documentation.swagger2.web.Swagger2Controller#getDocumentation(String, HttpServletRequest)]
2021-03-10 15:41:48.230 [INFO ] org.springframework.scheduling.concurrent.ThreadPoolTaskExecutor - Initializing ExecutorService 'applicationTaskExecutor'
2021-03-10 15:41:48.471 [INFO ] org.apache.coyote.http11.Http11NioProtocol - Starting ProtocolHandler ["http-nio-8081"]
2021-03-10 15:41:48.756 [INFO ] org.springframework.boot.web.embedded.tomcat.TomcatWebServer - Tomcat started on port(s): 8081 (http) with context path ''
2021-03-10 15:41:48.757 [INFO ] springfox.documentation.spring.web.plugins.DocumentationPluginsBootstrapper - Context refreshed
2021-03-10 15:41:48.796 [INFO ] springfox.documentation.spring.web.plugins.DocumentationPluginsBootstrapper - Found 1 custom documentation plugin(s)
2021-03-10 15:41:48.894 [INFO ] springfox.documentation.spring.web.scanners.ApiListingReferenceScanner - Scanning for api listing references
2021-03-10 15:41:49.181 [INFO ] com.edward.XinGuanApplication - Started XinGuanApplication in 7.707 seconds (JVM running for 9.856)
2021-03-10 15:42:14.756 [INFO ] org.apache.catalina.core.ContainerBase.[Tomcat].[localhost].[/] - Initializing Spring DispatcherServlet 'dispatcherServlet'
2021-03-10 15:42:25.216 [INFO ] com.zaxxer.hikari.HikariDataSource - HikariPool-1 - Starting...
2021-03-10 15:42:25.796 [INFO ] com.zaxxer.hikari.HikariDataSource - HikariPool-1 - Start completed.
2021-03-10 15:44:57.706 [INFO ] com.edward.XinGuanApplication - Starting XinGuanApplication on watson with PID 9868 (D:\Document\Codding\ideaProject\xinguan-parent\xinguan-base-web\target\classes started by watso in D:\Document\Codding\ideaProject\xinguan-parent)
2021-03-10 15:44:57.709 [INFO ] com.edward.XinGuanApplication - No active profile set, falling back to default profiles: default
2021-03-10 15:44:58.975 [INFO ] org.springframework.boot.web.embedded.tomcat.TomcatWebServer - Tomcat initialized with port(s): 8081 (http)
2021-03-10 15:44:58.982 [INFO ] org.apache.coyote.http11.Http11NioProtocol - Initializing ProtocolHandler ["http-nio-8081"]
2021-03-10 15:44:58.983 [INFO ] org.apache.catalina.core.StandardService - Starting service [Tomcat]
2021-03-10 15:44:58.983 [INFO ] org.apache.catalina.core.StandardEngine - Starting Servlet engine: [Apache Tomcat/9.0.41]
2021-03-10 15:44:59.045 [INFO ] org.apache.catalina.core.ContainerBase.[Tomcat].[localhost].[/] - Initializing Spring embedded WebApplicationContext
2021-03-10 15:44:59.045 [INFO ] org.springframework.boot.web.servlet.context.ServletWebServerApplicationContext - Root WebApplicationContext: initialization completed in 1278 ms
2021-03-10 15:45:00.092 [INFO ] springfox.documentation.spring.web.PropertySourcedRequestMappingHandlerMapping - Mapped URL path [/v2/api-docs] onto method [springfox.documentation.swagger2.web.Swagger2Controller#getDocumentation(String, HttpServletRequest)]
2021-03-10 15:45:00.159 [INFO ] org.springframework.scheduling.concurrent.ThreadPoolTaskExecutor - Initializing ExecutorService 'applicationTaskExecutor'
2021-03-10 15:45:00.280 [INFO ] org.apache.coyote.http11.Http11NioProtocol - Starting ProtocolHandler ["http-nio-8081"]
2021-03-10 15:45:00.516 [INFO ] org.springframework.boot.web.embedded.tomcat.TomcatWebServer - Tomcat started on port(s): 8081 (http) with context path ''
2021-03-10 15:45:00.517 [INFO ] springfox.documentation.spring.web.plugins.DocumentationPluginsBootstrapper - Context refreshed
2021-03-10 15:45:00.527 [INFO ] springfox.documentation.spring.web.plugins.DocumentationPluginsBootstrapper - Found 1 custom documentation plugin(s)
2021-03-10 15:45:00.550 [INFO ] springfox.documentation.spring.web.scanners.ApiListingReferenceScanner - Scanning for api listing references
2021-03-10 15:45:00.652 [INFO ] com.edward.XinGuanApplication - Started XinGuanApplication in 3.507 seconds (JVM running for 4.346)
